<?xml version="1.0" encoding="UTF-8"?>
<testsuites name="CFP-order" time="14.109" tests="9" failures="4" errors="0">
   <testsuite name="CFP-order" tests="9" failures="4" errors="0" time="14.109" skipped="0" timestamp="2022-06-16 13:54:03" hostname="flavalize - localhost" id="Test Suites/CFP-order">
      <properties>
         <property name="deviceName" value=""/>
         <property name="devicePlatform" value=""/>
         <property name="logFolder" value="/Volumes/Data/app-testing/app-project/other-ins/Reports/20220616_135352/CFP-order/20220616_135353"/>
         <property name="logFiles" value="/Volumes/Data/app-testing/app-project/other-ins/Reports/20220616_135352/CFP-order/20220616_135353/execution0.log"/>
         <property name="attachments" value=""/>
         <property name="hostName" value="flavalize - localhost"/>
         <property name="hostAddress" value="127.0.0.1"/>
         <property name="os" value="Mac OS X 64bit"/>
         <property name="katalonVersion" value="8.3.0.208"/>
      </properties>
      <testcase name="Test Cases/CFP/1. other-ins_order CFP" time="3.414" classname="Test Cases/CFP/1. other-ins_order CFP" status="FAILED">
         <failure type="FAILED" message="Test Cases/CFP/1. other-ins_order CFP FAILED.
Reason:
com.kms.katalon.core.exception.StepFailedException: Expected element property value '00' is not equal with actual property value '0'
	at com.kms.katalon.core.keyword.internal.KeywordMain.stepFailed(KeywordMain.groovy:39)
	at com.kms.katalon.core.webservice.keyword.builtin.VerifyElementPropertyValueKeyword$_verifyElementPropertyValue_closure1.doCall(VerifyElementPropertyValueKeyword.groovy:56)
	at com.kms.katalon.core.webservice.keyword.builtin.VerifyElementPropertyValueKeyword$_verifyElementPropertyValue_closure1.call(VerifyElementPropertyValueKeyword.groovy)
	at com.kms.katalon.core.keyword.internal.KeywordMain.runKeyword(KeywordMain.groovy:74)
	at com.kms.katalon.core.webservice.keyword.builtin.VerifyElementPropertyValueKeyword.verifyElementPropertyValue(VerifyElementPropertyValueKeyword.groovy:48)
	at com.kms.katalon.core.webservice.keyword.builtin.VerifyElementPropertyValueKeyword.execute(VerifyElementPropertyValueKeyword.groovy:43)
	at com.kms.katalon.core.keyword.internal.KeywordExecutor.executeKeywordForPlatform(KeywordExecutor.groovy:74)
	at com.kms.katalon.core.webservice.keyword.WSBuiltInKeywords.verifyElementPropertyValue(WSBuiltInKeywords.groovy:175)
	at com.kms.katalon.core.webservice.keyword.WSBuiltInKeywords$verifyElementPropertyValue$0.call(Unknown Source)
	at 1. other-ins_order CFP.run(1. other-ins_order CFP:48)
	at com.kms.katalon.core.main.ScriptEngine.run(ScriptEngine.java:194)
	at com.kms.katalon.core.main.ScriptEngine.runScriptAsRawText(ScriptEngine.java:119)
	at com.kms.katalon.core.main.TestCaseExecutor.runScript(TestCaseExecutor.java:445)
	at com.kms.katalon.core.main.TestCaseExecutor.doExecute(TestCaseExecutor.java:436)
	at com.kms.katalon.core.main.TestCaseExecutor.processExecutionPhase(TestCaseExecutor.java:415)
	at com.kms.katalon.core.main.TestCaseExecutor.accessMainPhase(TestCaseExecutor.java:407)
	at com.kms.katalon.core.main.TestCaseExecutor.execute(TestCaseExecutor.java:284)
	at com.kms.katalon.core.common.CommonExecutor.accessTestCaseMainPhase(CommonExecutor.java:65)
	at com.kms.katalon.core.main.TestSuiteExecutor.accessTestSuiteMainPhase(TestSuiteExecutor.java:144)
	at com.kms.katalon.core.main.TestSuiteExecutor.execute(TestSuiteExecutor.java:106)
	at com.kms.katalon.core.main.TestCaseMain.startTestSuite(TestCaseMain.java:185)
	at com.kms.katalon.core.main.TestCaseMain$startTestSuite$0.call(Unknown Source)
	at TempTestSuite1655362433570.run(TempTestSuite1655362433570.groovy:36)
	at java.base/jdk.internal.reflect.NativeMethodAccessorImpl.invoke0(Native Method)
	at java.base/jdk.internal.reflect.NativeMethodAccessorImpl.invoke(NativeMethodAccessorImpl.java:64)
	at java.base/jdk.internal.reflect.DelegatingMethodAccessorImpl.invoke(DelegatingMethodAccessorImpl.java:43)
"/>
         <system-out><![CDATA[2022-06-16 13:54:04 - [TEST_CASE][FAILED] - Test Cases/CFP/1. other-ins_order CFP: Test Cases/CFP/1. other-ins_order CFP FAILED.
Reason:
com.kms.katalon.core.exception.StepFailedException: Expected element property value '00' is not equal with actual property value '0'
	at com.kms.katalon.core.keyword.internal.KeywordMain.stepFailed(KeywordMain.groovy:39)
	at com.kms.katalon.core.webservice.keyword.builtin.VerifyElementPropertyValueKeyword$_verifyElementPropertyValue_closure1.doCall(VerifyElementPropertyValueKeyword.groovy:56)
	at com.kms.katalon.core.webservice.keyword.builtin.VerifyElementPropertyValueKeyword$_verifyElementPropertyValue_closure1.call(VerifyElementPropertyValueKeyword.groovy)
	at com.kms.katalon.core.keyword.internal.KeywordMain.runKeyword(KeywordMain.groovy:74)
	at com.kms.katalon.core.webservice.keyword.builtin.VerifyElementPropertyValueKeyword.verifyElementPropertyValue(VerifyElementPropertyValueKeyword.groovy:48)
	at com.kms.katalon.core.webservice.keyword.builtin.VerifyElementPropertyValueKeyword.execute(VerifyElementPropertyValueKeyword.groovy:43)
	at com.kms.katalon.core.keyword.internal.KeywordExecutor.executeKeywordForPlatform(KeywordExecutor.groovy:74)
	at com.kms.katalon.core.webservice.keyword.WSBuiltInKeywords.verifyElementPropertyValue(WSBuiltInKeywords.groovy:175)
	at com.kms.katalon.core.webservice.keyword.WSBuiltInKeywords$verifyElementPropertyValue$0.call(Unknown Source)
	at 1. other-ins_order CFP.run(1. other-ins_order CFP:48)
	at com.kms.katalon.core.main.ScriptEngine.run(ScriptEngine.java:194)
	at com.kms.katalon.core.main.ScriptEngine.runScriptAsRawText(ScriptEngine.java:119)
	at com.kms.katalon.core.main.TestCaseExecutor.runScript(TestCaseExecutor.java:445)
	at com.kms.katalon.core.main.TestCaseExecutor.doExecute(TestCaseExecutor.java:436)
	at com.kms.katalon.core.main.TestCaseExecutor.processExecutionPhase(TestCaseExecutor.java:415)
	at com.kms.katalon.core.main.TestCaseExecutor.accessMainPhase(TestCaseExecutor.java:407)
	at com.kms.katalon.core.main.TestCaseExecutor.execute(TestCaseExecutor.java:284)
	at com.kms.katalon.core.common.CommonExecutor.accessTestCaseMainPhase(CommonExecutor.java:65)
	at com.kms.katalon.core.main.TestSuiteExecutor.accessTestSuiteMainPhase(TestSuiteExecutor.java:144)
	at com.kms.katalon.core.main.TestSuiteExecutor.execute(TestSuiteExecutor.java:106)
	at com.kms.katalon.core.main.TestCaseMain.startTestSuite(TestCaseMain.java:185)
	at com.kms.katalon.core.main.TestCaseMain$startTestSuite$0.call(Unknown Source)
	at TempTestSuite1655362433570.run(TempTestSuite1655362433570.groovy:36)
	at java.base/jdk.internal.reflect.NativeMethodAccessorImpl.invoke0(Native Method)
	at java.base/jdk.internal.reflect.NativeMethodAccessorImpl.invoke(NativeMethodAccessorImpl.java:64)
	at java.base/jdk.internal.reflect.DelegatingMethodAccessorImpl.invoke(DelegatingMethodAccessorImpl.java:43)


2022-06-16 13:54:04 - [TEST_STEP][PASSED] - token = sendRequest(findTestObject("CFP/credential CFP")): Send request successfully

2022-06-16 13:54:05 - [MESSAGE][INFO] - HAR: /Volumes/Data/app-testing/app-project/other-ins/Reports/20220616_135352/CFP-order/20220616_135353/requests/main/0.har

2022-06-16 13:54:05 - [MESSAGE][PASSED] - Send request successfully

2022-06-16 13:54:05 - [TEST_STEP][PASSED] - slurper = new groovy.json.JsonSlurper(): null

2022-06-16 13:54:05 - [TEST_STEP][PASSED] - get_token = slurper.parseText(token.getResponseBodyContent()): null

2022-06-16 13:54:05 - [TEST_STEP][PASSED] - private_token = access_token: null

2022-06-16 13:54:05 - [TEST_STEP][PASSED] - g_token = private_token: null

2022-06-16 13:54:05 - [TEST_STEP][PASSED] - println("token is :" + g_token): null

2022-06-16 13:54:05 - [TEST_STEP][PASSED] - response_token = token.getResponseText(): null

2022-06-16 13:54:05 - [TEST_STEP][PASSED] - logInfo($response_token): 
            {
                "token_type": "BearerToken",
                "access_token": "phHjMRao9wAWchXdVu1177IOQGyl",
                "expires_in": "1799",
                "scope": ""
            }
        

2022-06-16 13:54:05 - [MESSAGE][INFO] - 
            {
                "token_type": "BearerToken",
                "access_token": "phHjMRao9wAWchXdVu1177IOQGyl",
                "expires_in": "1799",
                "scope": ""
            }
        

2022-06-16 13:54:05 - [TEST_STEP][PASSED] - order = sendRequest(findTestObject("CFP/OrderCFP", ["token":private_token, "nokontrak":nokontrak, "custname":custname, "hpnumber":hpnumber, "nopol":nopol, "norangka":norangka, ... ])): Send request successfully

2022-06-16 13:54:07 - [MESSAGE][INFO] - HAR: /Volumes/Data/app-testing/app-project/other-ins/Reports/20220616_135352/CFP-order/20220616_135353/requests/main/1.har

2022-06-16 13:54:07 - [MESSAGE][PASSED] - Send request successfully

2022-06-16 13:54:07 - [TEST_STEP][PASSED] - get_order = order.getResponseText(): null

2022-06-16 13:54:07 - [TEST_STEP][FAILED] - verifyElementPropertyValue(order, "StatusCode", "00", CONTINUE_ON_FAILURE): Expected element property value '00' is not equal with actual property value '0'

2022-06-16 13:54:07 - [MESSAGE][FAILED] - Expected element property value '00' is not equal with actual property value '0'

2022-06-16 13:54:07 - [TEST_STEP][PASSED] - logInfo($get_order): {
  "StatusCode" : "0",
  "StatusMessage" : "parameter nik wajib ada"
}

2022-06-16 13:54:07 - [MESSAGE][INFO] - {
  "StatusCode" : "0",
  "StatusMessage" : "parameter nik wajib ada"
}]]></system-out>
         <system-err><![CDATA[2022-06-16 13:54:04 - [TEST_CASE][FAILED] - Test Cases/CFP/1. other-ins_order CFP: Test Cases/CFP/1. other-ins_order CFP FAILED.
Reason:
com.kms.katalon.core.exception.StepFailedException: Expected element property value '00' is not equal with actual property value '0'
	at com.kms.katalon.core.keyword.internal.KeywordMain.stepFailed(KeywordMain.groovy:39)
	at com.kms.katalon.core.webservice.keyword.builtin.VerifyElementPropertyValueKeyword$_verifyElementPropertyValue_closure1.doCall(VerifyElementPropertyValueKeyword.groovy:56)
	at com.kms.katalon.core.webservice.keyword.builtin.VerifyElementPropertyValueKeyword$_verifyElementPropertyValue_closure1.call(VerifyElementPropertyValueKeyword.groovy)
	at com.kms.katalon.core.keyword.internal.KeywordMain.runKeyword(KeywordMain.groovy:74)
	at com.kms.katalon.core.webservice.keyword.builtin.VerifyElementPropertyValueKeyword.verifyElementPropertyValue(VerifyElementPropertyValueKeyword.groovy:48)
	at com.kms.katalon.core.webservice.keyword.builtin.VerifyElementPropertyValueKeyword.execute(VerifyElementPropertyValueKeyword.groovy:43)
	at com.kms.katalon.core.keyword.internal.KeywordExecutor.executeKeywordForPlatform(KeywordExecutor.groovy:74)
	at com.kms.katalon.core.webservice.keyword.WSBuiltInKeywords.verifyElementPropertyValue(WSBuiltInKeywords.groovy:175)
	at com.kms.katalon.core.webservice.keyword.WSBuiltInKeywords$verifyElementPropertyValue$0.call(Unknown Source)
	at 1. other-ins_order CFP.run(1. other-ins_order CFP:48)
	at com.kms.katalon.core.main.ScriptEngine.run(ScriptEngine.java:194)
	at com.kms.katalon.core.main.ScriptEngine.runScriptAsRawText(ScriptEngine.java:119)
	at com.kms.katalon.core.main.TestCaseExecutor.runScript(TestCaseExecutor.java:445)
	at com.kms.katalon.core.main.TestCaseExecutor.doExecute(TestCaseExecutor.java:436)
	at com.kms.katalon.core.main.TestCaseExecutor.processExecutionPhase(TestCaseExecutor.java:415)
	at com.kms.katalon.core.main.TestCaseExecutor.accessMainPhase(TestCaseExecutor.java:407)
	at com.kms.katalon.core.main.TestCaseExecutor.execute(TestCaseExecutor.java:284)
	at com.kms.katalon.core.common.CommonExecutor.accessTestCaseMainPhase(CommonExecutor.java:65)
	at com.kms.katalon.core.main.TestSuiteExecutor.accessTestSuiteMainPhase(TestSuiteExecutor.java:144)
	at com.kms.katalon.core.main.TestSuiteExecutor.execute(TestSuiteExecutor.java:106)
	at com.kms.katalon.core.main.TestCaseMain.startTestSuite(TestCaseMain.java:185)
	at com.kms.katalon.core.main.TestCaseMain$startTestSuite$0.call(Unknown Source)
	at TempTestSuite1655362433570.run(TempTestSuite1655362433570.groovy:36)
	at java.base/jdk.internal.reflect.NativeMethodAccessorImpl.invoke0(Native Method)
	at java.base/jdk.internal.reflect.NativeMethodAccessorImpl.invoke(NativeMethodAccessorImpl.java:64)
	at java.base/jdk.internal.reflect.DelegatingMethodAccessorImpl.invoke(DelegatingMethodAccessorImpl.java:43)]]></system-err>
      </testcase>
      <testcase name="Test Cases/CFP/1. other-ins_order CFP" time="1.961" classname="Test Cases/CFP/1. other-ins_order CFP" status="FAILED">
         <failure type="FAILED" message="Test Cases/CFP/1. other-ins_order CFP FAILED.
Reason:
com.kms.katalon.core.exception.StepFailedException: Expected element property value '00' is not equal with actual property value '0'
	at com.kms.katalon.core.keyword.internal.KeywordMain.stepFailed(KeywordMain.groovy:39)
	at com.kms.katalon.core.webservice.keyword.builtin.VerifyElementPropertyValueKeyword$_verifyElementPropertyValue_closure1.doCall(VerifyElementPropertyValueKeyword.groovy:56)
	at com.kms.katalon.core.webservice.keyword.builtin.VerifyElementPropertyValueKeyword$_verifyElementPropertyValue_closure1.call(VerifyElementPropertyValueKeyword.groovy)
	at com.kms.katalon.core.keyword.internal.KeywordMain.runKeyword(KeywordMain.groovy:74)
	at com.kms.katalon.core.webservice.keyword.builtin.VerifyElementPropertyValueKeyword.verifyElementPropertyValue(VerifyElementPropertyValueKeyword.groovy:48)
	at com.kms.katalon.core.webservice.keyword.builtin.VerifyElementPropertyValueKeyword.execute(VerifyElementPropertyValueKeyword.groovy:43)
	at com.kms.katalon.core.keyword.internal.KeywordExecutor.executeKeywordForPlatform(KeywordExecutor.groovy:74)
	at com.kms.katalon.core.webservice.keyword.WSBuiltInKeywords.verifyElementPropertyValue(WSBuiltInKeywords.groovy:175)
	at com.kms.katalon.core.webservice.keyword.WSBuiltInKeywords$verifyElementPropertyValue$0.call(Unknown Source)
	at 1. other-ins_order CFP.run(1. other-ins_order CFP:48)
	at com.kms.katalon.core.main.ScriptEngine.run(ScriptEngine.java:194)
	at com.kms.katalon.core.main.ScriptEngine.runScriptAsRawText(ScriptEngine.java:119)
	at com.kms.katalon.core.main.TestCaseExecutor.runScript(TestCaseExecutor.java:445)
	at com.kms.katalon.core.main.TestCaseExecutor.doExecute(TestCaseExecutor.java:436)
	at com.kms.katalon.core.main.TestCaseExecutor.processExecutionPhase(TestCaseExecutor.java:415)
	at com.kms.katalon.core.main.TestCaseExecutor.accessMainPhase(TestCaseExecutor.java:407)
	at com.kms.katalon.core.main.TestCaseExecutor.execute(TestCaseExecutor.java:284)
	at com.kms.katalon.core.common.CommonExecutor.accessTestCaseMainPhase(CommonExecutor.java:65)
	at com.kms.katalon.core.main.TestSuiteExecutor.accessTestSuiteMainPhase(TestSuiteExecutor.java:144)
	at com.kms.katalon.core.main.TestSuiteExecutor.execute(TestSuiteExecutor.java:106)
	at com.kms.katalon.core.main.TestCaseMain.startTestSuite(TestCaseMain.java:185)
	at com.kms.katalon.core.main.TestCaseMain$startTestSuite$0.call(Unknown Source)
	at TempTestSuite1655362433570.run(TempTestSuite1655362433570.groovy:36)
	at java.base/jdk.internal.reflect.NativeMethodAccessorImpl.invoke0(Native Method)
	at java.base/jdk.internal.reflect.NativeMethodAccessorImpl.invoke(NativeMethodAccessorImpl.java:64)
	at java.base/jdk.internal.reflect.DelegatingMethodAccessorImpl.invoke(DelegatingMethodAccessorImpl.java:43)
"/>
         <system-out><![CDATA[2022-06-16 13:54:07 - [TEST_CASE][FAILED] - Test Cases/CFP/1. other-ins_order CFP: Test Cases/CFP/1. other-ins_order CFP FAILED.
Reason:
com.kms.katalon.core.exception.StepFailedException: Expected element property value '00' is not equal with actual property value '0'
	at com.kms.katalon.core.keyword.internal.KeywordMain.stepFailed(KeywordMain.groovy:39)
	at com.kms.katalon.core.webservice.keyword.builtin.VerifyElementPropertyValueKeyword$_verifyElementPropertyValue_closure1.doCall(VerifyElementPropertyValueKeyword.groovy:56)
	at com.kms.katalon.core.webservice.keyword.builtin.VerifyElementPropertyValueKeyword$_verifyElementPropertyValue_closure1.call(VerifyElementPropertyValueKeyword.groovy)
	at com.kms.katalon.core.keyword.internal.KeywordMain.runKeyword(KeywordMain.groovy:74)
	at com.kms.katalon.core.webservice.keyword.builtin.VerifyElementPropertyValueKeyword.verifyElementPropertyValue(VerifyElementPropertyValueKeyword.groovy:48)
	at com.kms.katalon.core.webservice.keyword.builtin.VerifyElementPropertyValueKeyword.execute(VerifyElementPropertyValueKeyword.groovy:43)
	at com.kms.katalon.core.keyword.internal.KeywordExecutor.executeKeywordForPlatform(KeywordExecutor.groovy:74)
	at com.kms.katalon.core.webservice.keyword.WSBuiltInKeywords.verifyElementPropertyValue(WSBuiltInKeywords.groovy:175)
	at com.kms.katalon.core.webservice.keyword.WSBuiltInKeywords$verifyElementPropertyValue$0.call(Unknown Source)
	at 1. other-ins_order CFP.run(1. other-ins_order CFP:48)
	at com.kms.katalon.core.main.ScriptEngine.run(ScriptEngine.java:194)
	at com.kms.katalon.core.main.ScriptEngine.runScriptAsRawText(ScriptEngine.java:119)
	at com.kms.katalon.core.main.TestCaseExecutor.runScript(TestCaseExecutor.java:445)
	at com.kms.katalon.core.main.TestCaseExecutor.doExecute(TestCaseExecutor.java:436)
	at com.kms.katalon.core.main.TestCaseExecutor.processExecutionPhase(TestCaseExecutor.java:415)
	at com.kms.katalon.core.main.TestCaseExecutor.accessMainPhase(TestCaseExecutor.java:407)
	at com.kms.katalon.core.main.TestCaseExecutor.execute(TestCaseExecutor.java:284)
	at com.kms.katalon.core.common.CommonExecutor.accessTestCaseMainPhase(CommonExecutor.java:65)
	at com.kms.katalon.core.main.TestSuiteExecutor.accessTestSuiteMainPhase(TestSuiteExecutor.java:144)
	at com.kms.katalon.core.main.TestSuiteExecutor.execute(TestSuiteExecutor.java:106)
	at com.kms.katalon.core.main.TestCaseMain.startTestSuite(TestCaseMain.java:185)
	at com.kms.katalon.core.main.TestCaseMain$startTestSuite$0.call(Unknown Source)
	at TempTestSuite1655362433570.run(TempTestSuite1655362433570.groovy:36)
	at java.base/jdk.internal.reflect.NativeMethodAccessorImpl.invoke0(Native Method)
	at java.base/jdk.internal.reflect.NativeMethodAccessorImpl.invoke(NativeMethodAccessorImpl.java:64)
	at java.base/jdk.internal.reflect.DelegatingMethodAccessorImpl.invoke(DelegatingMethodAccessorImpl.java:43)


2022-06-16 13:54:07 - [TEST_STEP][PASSED] - token = sendRequest(findTestObject("CFP/credential CFP")): Send request successfully

2022-06-16 13:54:07 - [MESSAGE][INFO] - HAR: /Volumes/Data/app-testing/app-project/other-ins/Reports/20220616_135352/CFP-order/20220616_135353/requests/main/2.har

2022-06-16 13:54:07 - [MESSAGE][PASSED] - Send request successfully

2022-06-16 13:54:07 - [TEST_STEP][PASSED] - slurper = new groovy.json.JsonSlurper(): null

2022-06-16 13:54:07 - [TEST_STEP][PASSED] - get_token = slurper.parseText(token.getResponseBodyContent()): null

2022-06-16 13:54:07 - [TEST_STEP][PASSED] - private_token = access_token: null

2022-06-16 13:54:07 - [TEST_STEP][PASSED] - g_token = private_token: null

2022-06-16 13:54:07 - [TEST_STEP][PASSED] - println("token is :" + g_token): null

2022-06-16 13:54:07 - [TEST_STEP][PASSED] - response_token = token.getResponseText(): null

2022-06-16 13:54:07 - [TEST_STEP][PASSED] - logInfo($response_token): 
            {
                "token_type": "BearerToken",
                "access_token": "cw9JXrSxDIAp4W35hJgwmI5yG1OL",
                "expires_in": "1799",
                "scope": ""
            }
        

2022-06-16 13:54:07 - [MESSAGE][INFO] - 
            {
                "token_type": "BearerToken",
                "access_token": "cw9JXrSxDIAp4W35hJgwmI5yG1OL",
                "expires_in": "1799",
                "scope": ""
            }
        

2022-06-16 13:54:07 - [TEST_STEP][PASSED] - order = sendRequest(findTestObject("CFP/OrderCFP", ["token":private_token, "nokontrak":nokontrak, "custname":custname, "hpnumber":hpnumber, "nopol":nopol, "norangka":norangka, ... ])): Send request successfully

2022-06-16 13:54:09 - [MESSAGE][INFO] - HAR: /Volumes/Data/app-testing/app-project/other-ins/Reports/20220616_135352/CFP-order/20220616_135353/requests/main/3.har

2022-06-16 13:54:09 - [MESSAGE][PASSED] - Send request successfully

2022-06-16 13:54:09 - [TEST_STEP][PASSED] - get_order = order.getResponseText(): null

2022-06-16 13:54:09 - [TEST_STEP][FAILED] - verifyElementPropertyValue(order, "StatusCode", "00", CONTINUE_ON_FAILURE): Expected element property value '00' is not equal with actual property value '0'

2022-06-16 13:54:09 - [MESSAGE][FAILED] - Expected element property value '00' is not equal with actual property value '0'

2022-06-16 13:54:09 - [TEST_STEP][PASSED] - logInfo($get_order): {
  "StatusCode" : "0",
  "StatusMessage" : "parameter nik wajib ada"
}

2022-06-16 13:54:09 - [MESSAGE][INFO] - {
  "StatusCode" : "0",
  "StatusMessage" : "parameter nik wajib ada"
}]]></system-out>
         <system-err><![CDATA[2022-06-16 13:54:07 - [TEST_CASE][FAILED] - Test Cases/CFP/1. other-ins_order CFP: Test Cases/CFP/1. other-ins_order CFP FAILED.
Reason:
com.kms.katalon.core.exception.StepFailedException: Expected element property value '00' is not equal with actual property value '0'
	at com.kms.katalon.core.keyword.internal.KeywordMain.stepFailed(KeywordMain.groovy:39)
	at com.kms.katalon.core.webservice.keyword.builtin.VerifyElementPropertyValueKeyword$_verifyElementPropertyValue_closure1.doCall(VerifyElementPropertyValueKeyword.groovy:56)
	at com.kms.katalon.core.webservice.keyword.builtin.VerifyElementPropertyValueKeyword$_verifyElementPropertyValue_closure1.call(VerifyElementPropertyValueKeyword.groovy)
	at com.kms.katalon.core.keyword.internal.KeywordMain.runKeyword(KeywordMain.groovy:74)
	at com.kms.katalon.core.webservice.keyword.builtin.VerifyElementPropertyValueKeyword.verifyElementPropertyValue(VerifyElementPropertyValueKeyword.groovy:48)
	at com.kms.katalon.core.webservice.keyword.builtin.VerifyElementPropertyValueKeyword.execute(VerifyElementPropertyValueKeyword.groovy:43)
	at com.kms.katalon.core.keyword.internal.KeywordExecutor.executeKeywordForPlatform(KeywordExecutor.groovy:74)
	at com.kms.katalon.core.webservice.keyword.WSBuiltInKeywords.verifyElementPropertyValue(WSBuiltInKeywords.groovy:175)
	at com.kms.katalon.core.webservice.keyword.WSBuiltInKeywords$verifyElementPropertyValue$0.call(Unknown Source)
	at 1. other-ins_order CFP.run(1. other-ins_order CFP:48)
	at com.kms.katalon.core.main.ScriptEngine.run(ScriptEngine.java:194)
	at com.kms.katalon.core.main.ScriptEngine.runScriptAsRawText(ScriptEngine.java:119)
	at com.kms.katalon.core.main.TestCaseExecutor.runScript(TestCaseExecutor.java:445)
	at com.kms.katalon.core.main.TestCaseExecutor.doExecute(TestCaseExecutor.java:436)
	at com.kms.katalon.core.main.TestCaseExecutor.processExecutionPhase(TestCaseExecutor.java:415)
	at com.kms.katalon.core.main.TestCaseExecutor.accessMainPhase(TestCaseExecutor.java:407)
	at com.kms.katalon.core.main.TestCaseExecutor.execute(TestCaseExecutor.java:284)
	at com.kms.katalon.core.common.CommonExecutor.accessTestCaseMainPhase(CommonExecutor.java:65)
	at com.kms.katalon.core.main.TestSuiteExecutor.accessTestSuiteMainPhase(TestSuiteExecutor.java:144)
	at com.kms.katalon.core.main.TestSuiteExecutor.execute(TestSuiteExecutor.java:106)
	at com.kms.katalon.core.main.TestCaseMain.startTestSuite(TestCaseMain.java:185)
	at com.kms.katalon.core.main.TestCaseMain$startTestSuite$0.call(Unknown Source)
	at TempTestSuite1655362433570.run(TempTestSuite1655362433570.groovy:36)
	at java.base/jdk.internal.reflect.NativeMethodAccessorImpl.invoke0(Native Method)
	at java.base/jdk.internal.reflect.NativeMethodAccessorImpl.invoke(NativeMethodAccessorImpl.java:64)
	at java.base/jdk.internal.reflect.DelegatingMethodAccessorImpl.invoke(DelegatingMethodAccessorImpl.java:43)]]></system-err>
      </testcase>
      <testcase name="Test Cases/CFP/1. other-ins_order CFP" time="0.443" classname="Test Cases/CFP/1. other-ins_order CFP" status="PASSED">
         <system-out><![CDATA[2022-06-16 13:54:09 - [TEST_CASE][PASSED] - Test Cases/CFP/1. other-ins_order CFP: Test Cases/CFP/1. other-ins_order CFP

2022-06-16 13:54:09 - [TEST_STEP][PASSED] - token = sendRequest(findTestObject("CFP/credential CFP")): Send request successfully

2022-06-16 13:54:09 - [MESSAGE][INFO] - HAR: /Volumes/Data/app-testing/app-project/other-ins/Reports/20220616_135352/CFP-order/20220616_135353/requests/main/4.har

2022-06-16 13:54:09 - [MESSAGE][PASSED] - Send request successfully

2022-06-16 13:54:09 - [TEST_STEP][PASSED] - slurper = new groovy.json.JsonSlurper(): null

2022-06-16 13:54:09 - [TEST_STEP][PASSED] - get_token = slurper.parseText(token.getResponseBodyContent()): null

2022-06-16 13:54:09 - [TEST_STEP][PASSED] - private_token = access_token: null

2022-06-16 13:54:09 - [TEST_STEP][PASSED] - g_token = private_token: null

2022-06-16 13:54:09 - [TEST_STEP][PASSED] - println("token is :" + g_token): null

2022-06-16 13:54:09 - [TEST_STEP][PASSED] - response_token = token.getResponseText(): null

2022-06-16 13:54:09 - [TEST_STEP][PASSED] - logInfo($response_token): 
            {
                "token_type": "BearerToken",
                "access_token": "bUte8LxAvkdSRB3P7dPLNcjAet38",
                "expires_in": "1799",
                "scope": ""
            }
        

2022-06-16 13:54:09 - [MESSAGE][INFO] - 
            {
                "token_type": "BearerToken",
                "access_token": "bUte8LxAvkdSRB3P7dPLNcjAet38",
                "expires_in": "1799",
                "scope": ""
            }
        

2022-06-16 13:54:09 - [TEST_STEP][PASSED] - order = sendRequest(findTestObject("CFP/OrderCFP", ["token":private_token, "nokontrak":nokontrak, "custname":custname, "hpnumber":hpnumber, "nopol":nopol, "norangka":norangka, ... ])): Send request successfully

2022-06-16 13:54:10 - [MESSAGE][INFO] - HAR: /Volumes/Data/app-testing/app-project/other-ins/Reports/20220616_135352/CFP-order/20220616_135353/requests/main/5.har

2022-06-16 13:54:10 - [MESSAGE][PASSED] - Send request successfully

2022-06-16 13:54:10 - [TEST_STEP][PASSED] - get_order = order.getResponseText(): null

2022-06-16 13:54:10 - [TEST_STEP][PASSED] - verifyElementPropertyValue(order, "StatusCode", "00", CONTINUE_ON_FAILURE): Verify element property value successfully

2022-06-16 13:54:10 - [MESSAGE][PASSED] - Verify element property value successfully

2022-06-16 13:54:10 - [TEST_STEP][PASSED] - logInfo($get_order): {
  "StatusCode" : "00",
  "StatusMessage" : "Success"
}

2022-06-16 13:54:10 - [MESSAGE][INFO] - {
  "StatusCode" : "00",
  "StatusMessage" : "Success"
}]]></system-out>
         <system-err><![CDATA[]]></system-err>
      </testcase>
      <testcase name="Test Cases/CFP/1. other-ins_order CFP" time="2.514" classname="Test Cases/CFP/1. other-ins_order CFP" status="PASSED">
         <system-out><![CDATA[2022-06-16 13:54:10 - [TEST_CASE][PASSED] - Test Cases/CFP/1. other-ins_order CFP: Test Cases/CFP/1. other-ins_order CFP

2022-06-16 13:54:10 - [TEST_STEP][PASSED] - token = sendRequest(findTestObject("CFP/credential CFP")): Send request successfully

2022-06-16 13:54:10 - [MESSAGE][INFO] - HAR: /Volumes/Data/app-testing/app-project/other-ins/Reports/20220616_135352/CFP-order/20220616_135353/requests/main/6.har

2022-06-16 13:54:10 - [MESSAGE][PASSED] - Send request successfully

2022-06-16 13:54:10 - [TEST_STEP][PASSED] - slurper = new groovy.json.JsonSlurper(): null

2022-06-16 13:54:10 - [TEST_STEP][PASSED] - get_token = slurper.parseText(token.getResponseBodyContent()): null

2022-06-16 13:54:10 - [TEST_STEP][PASSED] - private_token = access_token: null

2022-06-16 13:54:10 - [TEST_STEP][PASSED] - g_token = private_token: null

2022-06-16 13:54:10 - [TEST_STEP][PASSED] - println("token is :" + g_token): null

2022-06-16 13:54:10 - [TEST_STEP][PASSED] - response_token = token.getResponseText(): null

2022-06-16 13:54:10 - [TEST_STEP][PASSED] - logInfo($response_token): 
            {
                "token_type": "BearerToken",
                "access_token": "cRvMTDP1QcdvkRfAvqQKwKavNdsA",
                "expires_in": "1799",
                "scope": ""
            }
        

2022-06-16 13:54:10 - [MESSAGE][INFO] - 
            {
                "token_type": "BearerToken",
                "access_token": "cRvMTDP1QcdvkRfAvqQKwKavNdsA",
                "expires_in": "1799",
                "scope": ""
            }
        

2022-06-16 13:54:10 - [TEST_STEP][PASSED] - order = sendRequest(findTestObject("CFP/OrderCFP", ["token":private_token, "nokontrak":nokontrak, "custname":custname, "hpnumber":hpnumber, "nopol":nopol, "norangka":norangka, ... ])): Send request successfully

2022-06-16 13:54:12 - [MESSAGE][INFO] - HAR: /Volumes/Data/app-testing/app-project/other-ins/Reports/20220616_135352/CFP-order/20220616_135353/requests/main/7.har

2022-06-16 13:54:12 - [MESSAGE][PASSED] - Send request successfully

2022-06-16 13:54:12 - [TEST_STEP][PASSED] - get_order = order.getResponseText(): null

2022-06-16 13:54:12 - [TEST_STEP][PASSED] - verifyElementPropertyValue(order, "StatusCode", "00", CONTINUE_ON_FAILURE): Verify element property value successfully

2022-06-16 13:54:12 - [MESSAGE][PASSED] - Verify element property value successfully

2022-06-16 13:54:12 - [TEST_STEP][PASSED] - logInfo($get_order): {
  "StatusCode" : "00",
  "StatusMessage" : "Success"
}

2022-06-16 13:54:12 - [MESSAGE][INFO] - {
  "StatusCode" : "00",
  "StatusMessage" : "Success"
}]]></system-out>
         <system-err><![CDATA[]]></system-err>
      </testcase>
      <testcase name="Test Cases/CFP/1. other-ins_order CFP" time="0.322" classname="Test Cases/CFP/1. other-ins_order CFP" status="PASSED">
         <system-out><![CDATA[2022-06-16 13:54:12 - [TEST_CASE][PASSED] - Test Cases/CFP/1. other-ins_order CFP: Test Cases/CFP/1. other-ins_order CFP

2022-06-16 13:54:12 - [TEST_STEP][PASSED] - token = sendRequest(findTestObject("CFP/credential CFP")): Send request successfully

2022-06-16 13:54:12 - [MESSAGE][INFO] - HAR: /Volumes/Data/app-testing/app-project/other-ins/Reports/20220616_135352/CFP-order/20220616_135353/requests/main/8.har

2022-06-16 13:54:12 - [MESSAGE][PASSED] - Send request successfully

2022-06-16 13:54:12 - [TEST_STEP][PASSED] - slurper = new groovy.json.JsonSlurper(): null

2022-06-16 13:54:12 - [TEST_STEP][PASSED] - get_token = slurper.parseText(token.getResponseBodyContent()): null

2022-06-16 13:54:12 - [TEST_STEP][PASSED] - private_token = access_token: null

2022-06-16 13:54:12 - [TEST_STEP][PASSED] - g_token = private_token: null

2022-06-16 13:54:12 - [TEST_STEP][PASSED] - println("token is :" + g_token): null

2022-06-16 13:54:12 - [TEST_STEP][PASSED] - response_token = token.getResponseText(): null

2022-06-16 13:54:12 - [TEST_STEP][PASSED] - logInfo($response_token): 
            {
                "token_type": "BearerToken",
                "access_token": "8kykPzYBXysGbGcLyfKLwUR1H2hW",
                "expires_in": "1799",
                "scope": ""
            }
        

2022-06-16 13:54:12 - [MESSAGE][INFO] - 
            {
                "token_type": "BearerToken",
                "access_token": "8kykPzYBXysGbGcLyfKLwUR1H2hW",
                "expires_in": "1799",
                "scope": ""
            }
        

2022-06-16 13:54:12 - [TEST_STEP][PASSED] - order = sendRequest(findTestObject("CFP/OrderCFP", ["token":private_token, "nokontrak":nokontrak, "custname":custname, "hpnumber":hpnumber, "nopol":nopol, "norangka":norangka, ... ])): Send request successfully

2022-06-16 13:54:12 - [MESSAGE][INFO] - HAR: /Volumes/Data/app-testing/app-project/other-ins/Reports/20220616_135352/CFP-order/20220616_135353/requests/main/9.har

2022-06-16 13:54:12 - [MESSAGE][PASSED] - Send request successfully

2022-06-16 13:54:12 - [TEST_STEP][PASSED] - get_order = order.getResponseText(): null

2022-06-16 13:54:12 - [TEST_STEP][PASSED] - verifyElementPropertyValue(order, "StatusCode", "00", CONTINUE_ON_FAILURE): Verify element property value successfully

2022-06-16 13:54:13 - [MESSAGE][PASSED] - Verify element property value successfully

2022-06-16 13:54:13 - [TEST_STEP][PASSED] - logInfo($get_order): {
  "StatusCode" : "00",
  "StatusMessage" : "Success"
}

2022-06-16 13:54:13 - [MESSAGE][INFO] - {
  "StatusCode" : "00",
  "StatusMessage" : "Success"
}]]></system-out>
         <system-err><![CDATA[]]></system-err>
      </testcase>
      <testcase name="Test Cases/CFP/1. other-ins_order CFP" time="0.286" classname="Test Cases/CFP/1. other-ins_order CFP" status="PASSED">
         <system-out><![CDATA[2022-06-16 13:54:13 - [TEST_CASE][PASSED] - Test Cases/CFP/1. other-ins_order CFP: Test Cases/CFP/1. other-ins_order CFP

2022-06-16 13:54:13 - [TEST_STEP][PASSED] - token = sendRequest(findTestObject("CFP/credential CFP")): Send request successfully

2022-06-16 13:54:13 - [MESSAGE][INFO] - HAR: /Volumes/Data/app-testing/app-project/other-ins/Reports/20220616_135352/CFP-order/20220616_135353/requests/main/10.har

2022-06-16 13:54:13 - [MESSAGE][PASSED] - Send request successfully

2022-06-16 13:54:13 - [TEST_STEP][PASSED] - slurper = new groovy.json.JsonSlurper(): null

2022-06-16 13:54:13 - [TEST_STEP][PASSED] - get_token = slurper.parseText(token.getResponseBodyContent()): null

2022-06-16 13:54:13 - [TEST_STEP][PASSED] - private_token = access_token: null

2022-06-16 13:54:13 - [TEST_STEP][PASSED] - g_token = private_token: null

2022-06-16 13:54:13 - [TEST_STEP][PASSED] - println("token is :" + g_token): null

2022-06-16 13:54:13 - [TEST_STEP][PASSED] - response_token = token.getResponseText(): null

2022-06-16 13:54:13 - [TEST_STEP][PASSED] - logInfo($response_token): 
            {
                "token_type": "BearerToken",
                "access_token": "VOzhhIkuheRGoudb5BojNvkkXJQu",
                "expires_in": "1799",
                "scope": ""
            }
        

2022-06-16 13:54:13 - [MESSAGE][INFO] - 
            {
                "token_type": "BearerToken",
                "access_token": "VOzhhIkuheRGoudb5BojNvkkXJQu",
                "expires_in": "1799",
                "scope": ""
            }
        

2022-06-16 13:54:13 - [TEST_STEP][PASSED] - order = sendRequest(findTestObject("CFP/OrderCFP", ["token":private_token, "nokontrak":nokontrak, "custname":custname, "hpnumber":hpnumber, "nopol":nopol, "norangka":norangka, ... ])): Send request successfully

2022-06-16 13:54:13 - [MESSAGE][INFO] - HAR: /Volumes/Data/app-testing/app-project/other-ins/Reports/20220616_135352/CFP-order/20220616_135353/requests/main/11.har

2022-06-16 13:54:13 - [MESSAGE][PASSED] - Send request successfully

2022-06-16 13:54:13 - [TEST_STEP][PASSED] - get_order = order.getResponseText(): null

2022-06-16 13:54:13 - [TEST_STEP][PASSED] - verifyElementPropertyValue(order, "StatusCode", "00", CONTINUE_ON_FAILURE): Verify element property value successfully

2022-06-16 13:54:13 - [MESSAGE][PASSED] - Verify element property value successfully

2022-06-16 13:54:13 - [TEST_STEP][PASSED] - logInfo($get_order): {
  "StatusCode" : "00",
  "StatusMessage" : "Success"
}

2022-06-16 13:54:13 - [MESSAGE][INFO] - {
  "StatusCode" : "00",
  "StatusMessage" : "Success"
}]]></system-out>
         <system-err><![CDATA[]]></system-err>
      </testcase>
      <testcase name="Test Cases/CFP/1. other-ins_order CFP" time="1.975" classname="Test Cases/CFP/1. other-ins_order CFP" status="FAILED">
         <failure type="FAILED" message="Test Cases/CFP/1. other-ins_order CFP FAILED.
Reason:
com.kms.katalon.core.exception.StepFailedException: Expected element property value '00' is not equal with actual property value '0'
	at com.kms.katalon.core.keyword.internal.KeywordMain.stepFailed(KeywordMain.groovy:39)
	at com.kms.katalon.core.webservice.keyword.builtin.VerifyElementPropertyValueKeyword$_verifyElementPropertyValue_closure1.doCall(VerifyElementPropertyValueKeyword.groovy:56)
	at com.kms.katalon.core.webservice.keyword.builtin.VerifyElementPropertyValueKeyword$_verifyElementPropertyValue_closure1.call(VerifyElementPropertyValueKeyword.groovy)
	at com.kms.katalon.core.keyword.internal.KeywordMain.runKeyword(KeywordMain.groovy:74)
	at com.kms.katalon.core.webservice.keyword.builtin.VerifyElementPropertyValueKeyword.verifyElementPropertyValue(VerifyElementPropertyValueKeyword.groovy:48)
	at com.kms.katalon.core.webservice.keyword.builtin.VerifyElementPropertyValueKeyword.execute(VerifyElementPropertyValueKeyword.groovy:43)
	at com.kms.katalon.core.keyword.internal.KeywordExecutor.executeKeywordForPlatform(KeywordExecutor.groovy:74)
	at com.kms.katalon.core.webservice.keyword.WSBuiltInKeywords.verifyElementPropertyValue(WSBuiltInKeywords.groovy:175)
	at com.kms.katalon.core.webservice.keyword.WSBuiltInKeywords$verifyElementPropertyValue$0.call(Unknown Source)
	at 1. other-ins_order CFP.run(1. other-ins_order CFP:48)
	at com.kms.katalon.core.main.ScriptEngine.run(ScriptEngine.java:194)
	at com.kms.katalon.core.main.ScriptEngine.runScriptAsRawText(ScriptEngine.java:119)
	at com.kms.katalon.core.main.TestCaseExecutor.runScript(TestCaseExecutor.java:445)
	at com.kms.katalon.core.main.TestCaseExecutor.doExecute(TestCaseExecutor.java:436)
	at com.kms.katalon.core.main.TestCaseExecutor.processExecutionPhase(TestCaseExecutor.java:415)
	at com.kms.katalon.core.main.TestCaseExecutor.accessMainPhase(TestCaseExecutor.java:407)
	at com.kms.katalon.core.main.TestCaseExecutor.execute(TestCaseExecutor.java:284)
	at com.kms.katalon.core.common.CommonExecutor.accessTestCaseMainPhase(CommonExecutor.java:65)
	at com.kms.katalon.core.main.TestSuiteExecutor.accessTestSuiteMainPhase(TestSuiteExecutor.java:144)
	at com.kms.katalon.core.main.TestSuiteExecutor.execute(TestSuiteExecutor.java:106)
	at com.kms.katalon.core.main.TestCaseMain.startTestSuite(TestCaseMain.java:185)
	at com.kms.katalon.core.main.TestCaseMain$startTestSuite$0.call(Unknown Source)
	at TempTestSuite1655362433570.run(TempTestSuite1655362433570.groovy:36)
	at java.base/jdk.internal.reflect.NativeMethodAccessorImpl.invoke0(Native Method)
	at java.base/jdk.internal.reflect.NativeMethodAccessorImpl.invoke(NativeMethodAccessorImpl.java:64)
	at java.base/jdk.internal.reflect.DelegatingMethodAccessorImpl.invoke(DelegatingMethodAccessorImpl.java:43)
"/>
         <system-out><![CDATA[2022-06-16 13:54:13 - [TEST_CASE][FAILED] - Test Cases/CFP/1. other-ins_order CFP: Test Cases/CFP/1. other-ins_order CFP FAILED.
Reason:
com.kms.katalon.core.exception.StepFailedException: Expected element property value '00' is not equal with actual property value '0'
	at com.kms.katalon.core.keyword.internal.KeywordMain.stepFailed(KeywordMain.groovy:39)
	at com.kms.katalon.core.webservice.keyword.builtin.VerifyElementPropertyValueKeyword$_verifyElementPropertyValue_closure1.doCall(VerifyElementPropertyValueKeyword.groovy:56)
	at com.kms.katalon.core.webservice.keyword.builtin.VerifyElementPropertyValueKeyword$_verifyElementPropertyValue_closure1.call(VerifyElementPropertyValueKeyword.groovy)
	at com.kms.katalon.core.keyword.internal.KeywordMain.runKeyword(KeywordMain.groovy:74)
	at com.kms.katalon.core.webservice.keyword.builtin.VerifyElementPropertyValueKeyword.verifyElementPropertyValue(VerifyElementPropertyValueKeyword.groovy:48)
	at com.kms.katalon.core.webservice.keyword.builtin.VerifyElementPropertyValueKeyword.execute(VerifyElementPropertyValueKeyword.groovy:43)
	at com.kms.katalon.core.keyword.internal.KeywordExecutor.executeKeywordForPlatform(KeywordExecutor.groovy:74)
	at com.kms.katalon.core.webservice.keyword.WSBuiltInKeywords.verifyElementPropertyValue(WSBuiltInKeywords.groovy:175)
	at com.kms.katalon.core.webservice.keyword.WSBuiltInKeywords$verifyElementPropertyValue$0.call(Unknown Source)
	at 1. other-ins_order CFP.run(1. other-ins_order CFP:48)
	at com.kms.katalon.core.main.ScriptEngine.run(ScriptEngine.java:194)
	at com.kms.katalon.core.main.ScriptEngine.runScriptAsRawText(ScriptEngine.java:119)
	at com.kms.katalon.core.main.TestCaseExecutor.runScript(TestCaseExecutor.java:445)
	at com.kms.katalon.core.main.TestCaseExecutor.doExecute(TestCaseExecutor.java:436)
	at com.kms.katalon.core.main.TestCaseExecutor.processExecutionPhase(TestCaseExecutor.java:415)
	at com.kms.katalon.core.main.TestCaseExecutor.accessMainPhase(TestCaseExecutor.java:407)
	at com.kms.katalon.core.main.TestCaseExecutor.execute(TestCaseExecutor.java:284)
	at com.kms.katalon.core.common.CommonExecutor.accessTestCaseMainPhase(CommonExecutor.java:65)
	at com.kms.katalon.core.main.TestSuiteExecutor.accessTestSuiteMainPhase(TestSuiteExecutor.java:144)
	at com.kms.katalon.core.main.TestSuiteExecutor.execute(TestSuiteExecutor.java:106)
	at com.kms.katalon.core.main.TestCaseMain.startTestSuite(TestCaseMain.java:185)
	at com.kms.katalon.core.main.TestCaseMain$startTestSuite$0.call(Unknown Source)
	at TempTestSuite1655362433570.run(TempTestSuite1655362433570.groovy:36)
	at java.base/jdk.internal.reflect.NativeMethodAccessorImpl.invoke0(Native Method)
	at java.base/jdk.internal.reflect.NativeMethodAccessorImpl.invoke(NativeMethodAccessorImpl.java:64)
	at java.base/jdk.internal.reflect.DelegatingMethodAccessorImpl.invoke(DelegatingMethodAccessorImpl.java:43)


2022-06-16 13:54:13 - [TEST_STEP][PASSED] - token = sendRequest(findTestObject("CFP/credential CFP")): Send request successfully

2022-06-16 13:54:13 - [MESSAGE][INFO] - HAR: /Volumes/Data/app-testing/app-project/other-ins/Reports/20220616_135352/CFP-order/20220616_135353/requests/main/12.har

2022-06-16 13:54:13 - [MESSAGE][PASSED] - Send request successfully

2022-06-16 13:54:13 - [TEST_STEP][PASSED] - slurper = new groovy.json.JsonSlurper(): null

2022-06-16 13:54:13 - [TEST_STEP][PASSED] - get_token = slurper.parseText(token.getResponseBodyContent()): null

2022-06-16 13:54:13 - [TEST_STEP][PASSED] - private_token = access_token: null

2022-06-16 13:54:13 - [TEST_STEP][PASSED] - g_token = private_token: null

2022-06-16 13:54:13 - [TEST_STEP][PASSED] - println("token is :" + g_token): null

2022-06-16 13:54:13 - [TEST_STEP][PASSED] - response_token = token.getResponseText(): null

2022-06-16 13:54:13 - [TEST_STEP][PASSED] - logInfo($response_token): 
            {
                "token_type": "BearerToken",
                "access_token": "vuhiRHv6PK51sFmwGyRRlgeGgNYm",
                "expires_in": "1799",
                "scope": ""
            }
        

2022-06-16 13:54:13 - [MESSAGE][INFO] - 
            {
                "token_type": "BearerToken",
                "access_token": "vuhiRHv6PK51sFmwGyRRlgeGgNYm",
                "expires_in": "1799",
                "scope": ""
            }
        

2022-06-16 13:54:13 - [TEST_STEP][PASSED] - order = sendRequest(findTestObject("CFP/OrderCFP", ["token":private_token, "nokontrak":nokontrak, "custname":custname, "hpnumber":hpnumber, "nopol":nopol, "norangka":norangka, ... ])): Send request successfully

2022-06-16 13:54:15 - [MESSAGE][INFO] - HAR: /Volumes/Data/app-testing/app-project/other-ins/Reports/20220616_135352/CFP-order/20220616_135353/requests/main/13.har

2022-06-16 13:54:15 - [MESSAGE][PASSED] - Send request successfully

2022-06-16 13:54:15 - [TEST_STEP][PASSED] - get_order = order.getResponseText(): null

2022-06-16 13:54:15 - [TEST_STEP][FAILED] - verifyElementPropertyValue(order, "StatusCode", "00", CONTINUE_ON_FAILURE): Expected element property value '00' is not equal with actual property value '0'

2022-06-16 13:54:15 - [MESSAGE][FAILED] - Expected element property value '00' is not equal with actual property value '0'

2022-06-16 13:54:15 - [TEST_STEP][PASSED] - logInfo($get_order): {
  "StatusCode" : "0",
  "StatusMessage" : "parameter nik wajib ada"
}

2022-06-16 13:54:15 - [MESSAGE][INFO] - {
  "StatusCode" : "0",
  "StatusMessage" : "parameter nik wajib ada"
}]]></system-out>
         <system-err><![CDATA[2022-06-16 13:54:13 - [TEST_CASE][FAILED] - Test Cases/CFP/1. other-ins_order CFP: Test Cases/CFP/1. other-ins_order CFP FAILED.
Reason:
com.kms.katalon.core.exception.StepFailedException: Expected element property value '00' is not equal with actual property value '0'
	at com.kms.katalon.core.keyword.internal.KeywordMain.stepFailed(KeywordMain.groovy:39)
	at com.kms.katalon.core.webservice.keyword.builtin.VerifyElementPropertyValueKeyword$_verifyElementPropertyValue_closure1.doCall(VerifyElementPropertyValueKeyword.groovy:56)
	at com.kms.katalon.core.webservice.keyword.builtin.VerifyElementPropertyValueKeyword$_verifyElementPropertyValue_closure1.call(VerifyElementPropertyValueKeyword.groovy)
	at com.kms.katalon.core.keyword.internal.KeywordMain.runKeyword(KeywordMain.groovy:74)
	at com.kms.katalon.core.webservice.keyword.builtin.VerifyElementPropertyValueKeyword.verifyElementPropertyValue(VerifyElementPropertyValueKeyword.groovy:48)
	at com.kms.katalon.core.webservice.keyword.builtin.VerifyElementPropertyValueKeyword.execute(VerifyElementPropertyValueKeyword.groovy:43)
	at com.kms.katalon.core.keyword.internal.KeywordExecutor.executeKeywordForPlatform(KeywordExecutor.groovy:74)
	at com.kms.katalon.core.webservice.keyword.WSBuiltInKeywords.verifyElementPropertyValue(WSBuiltInKeywords.groovy:175)
	at com.kms.katalon.core.webservice.keyword.WSBuiltInKeywords$verifyElementPropertyValue$0.call(Unknown Source)
	at 1. other-ins_order CFP.run(1. other-ins_order CFP:48)
	at com.kms.katalon.core.main.ScriptEngine.run(ScriptEngine.java:194)
	at com.kms.katalon.core.main.ScriptEngine.runScriptAsRawText(ScriptEngine.java:119)
	at com.kms.katalon.core.main.TestCaseExecutor.runScript(TestCaseExecutor.java:445)
	at com.kms.katalon.core.main.TestCaseExecutor.doExecute(TestCaseExecutor.java:436)
	at com.kms.katalon.core.main.TestCaseExecutor.processExecutionPhase(TestCaseExecutor.java:415)
	at com.kms.katalon.core.main.TestCaseExecutor.accessMainPhase(TestCaseExecutor.java:407)
	at com.kms.katalon.core.main.TestCaseExecutor.execute(TestCaseExecutor.java:284)
	at com.kms.katalon.core.common.CommonExecutor.accessTestCaseMainPhase(CommonExecutor.java:65)
	at com.kms.katalon.core.main.TestSuiteExecutor.accessTestSuiteMainPhase(TestSuiteExecutor.java:144)
	at com.kms.katalon.core.main.TestSuiteExecutor.execute(TestSuiteExecutor.java:106)
	at com.kms.katalon.core.main.TestCaseMain.startTestSuite(TestCaseMain.java:185)
	at com.kms.katalon.core.main.TestCaseMain$startTestSuite$0.call(Unknown Source)
	at TempTestSuite1655362433570.run(TempTestSuite1655362433570.groovy:36)
	at java.base/jdk.internal.reflect.NativeMethodAccessorImpl.invoke0(Native Method)
	at java.base/jdk.internal.reflect.NativeMethodAccessorImpl.invoke(NativeMethodAccessorImpl.java:64)
	at java.base/jdk.internal.reflect.DelegatingMethodAccessorImpl.invoke(DelegatingMethodAccessorImpl.java:43)]]></system-err>
      </testcase>
      <testcase name="Test Cases/CFP/1. other-ins_order CFP" time="2.22" classname="Test Cases/CFP/1. other-ins_order CFP" status="FAILED">
         <failure type="FAILED" message="Test Cases/CFP/1. other-ins_order CFP FAILED.
Reason:
com.kms.katalon.core.exception.StepFailedException: Expected element property value '00' is not equal with actual property value '0'
	at com.kms.katalon.core.keyword.internal.KeywordMain.stepFailed(KeywordMain.groovy:39)
	at com.kms.katalon.core.webservice.keyword.builtin.VerifyElementPropertyValueKeyword$_verifyElementPropertyValue_closure1.doCall(VerifyElementPropertyValueKeyword.groovy:56)
	at com.kms.katalon.core.webservice.keyword.builtin.VerifyElementPropertyValueKeyword$_verifyElementPropertyValue_closure1.call(VerifyElementPropertyValueKeyword.groovy)
	at com.kms.katalon.core.keyword.internal.KeywordMain.runKeyword(KeywordMain.groovy:74)
	at com.kms.katalon.core.webservice.keyword.builtin.VerifyElementPropertyValueKeyword.verifyElementPropertyValue(VerifyElementPropertyValueKeyword.groovy:48)
	at com.kms.katalon.core.webservice.keyword.builtin.VerifyElementPropertyValueKeyword.execute(VerifyElementPropertyValueKeyword.groovy:43)
	at com.kms.katalon.core.keyword.internal.KeywordExecutor.executeKeywordForPlatform(KeywordExecutor.groovy:74)
	at com.kms.katalon.core.webservice.keyword.WSBuiltInKeywords.verifyElementPropertyValue(WSBuiltInKeywords.groovy:175)
	at com.kms.katalon.core.webservice.keyword.WSBuiltInKeywords$verifyElementPropertyValue$0.call(Unknown Source)
	at 1. other-ins_order CFP.run(1. other-ins_order CFP:48)
	at com.kms.katalon.core.main.ScriptEngine.run(ScriptEngine.java:194)
	at com.kms.katalon.core.main.ScriptEngine.runScriptAsRawText(ScriptEngine.java:119)
	at com.kms.katalon.core.main.TestCaseExecutor.runScript(TestCaseExecutor.java:445)
	at com.kms.katalon.core.main.TestCaseExecutor.doExecute(TestCaseExecutor.java:436)
	at com.kms.katalon.core.main.TestCaseExecutor.processExecutionPhase(TestCaseExecutor.java:415)
	at com.kms.katalon.core.main.TestCaseExecutor.accessMainPhase(TestCaseExecutor.java:407)
	at com.kms.katalon.core.main.TestCaseExecutor.execute(TestCaseExecutor.java:284)
	at com.kms.katalon.core.common.CommonExecutor.accessTestCaseMainPhase(CommonExecutor.java:65)
	at com.kms.katalon.core.main.TestSuiteExecutor.accessTestSuiteMainPhase(TestSuiteExecutor.java:144)
	at com.kms.katalon.core.main.TestSuiteExecutor.execute(TestSuiteExecutor.java:106)
	at com.kms.katalon.core.main.TestCaseMain.startTestSuite(TestCaseMain.java:185)
	at com.kms.katalon.core.main.TestCaseMain$startTestSuite$0.call(Unknown Source)
	at TempTestSuite1655362433570.run(TempTestSuite1655362433570.groovy:36)
	at java.base/jdk.internal.reflect.NativeMethodAccessorImpl.invoke0(Native Method)
	at java.base/jdk.internal.reflect.NativeMethodAccessorImpl.invoke(NativeMethodAccessorImpl.java:64)
	at java.base/jdk.internal.reflect.DelegatingMethodAccessorImpl.invoke(DelegatingMethodAccessorImpl.java:43)
"/>
         <system-out><![CDATA[2022-06-16 13:54:15 - [TEST_CASE][FAILED] - Test Cases/CFP/1. other-ins_order CFP: Test Cases/CFP/1. other-ins_order CFP FAILED.
Reason:
com.kms.katalon.core.exception.StepFailedException: Expected element property value '00' is not equal with actual property value '0'
	at com.kms.katalon.core.keyword.internal.KeywordMain.stepFailed(KeywordMain.groovy:39)
	at com.kms.katalon.core.webservice.keyword.builtin.VerifyElementPropertyValueKeyword$_verifyElementPropertyValue_closure1.doCall(VerifyElementPropertyValueKeyword.groovy:56)
	at com.kms.katalon.core.webservice.keyword.builtin.VerifyElementPropertyValueKeyword$_verifyElementPropertyValue_closure1.call(VerifyElementPropertyValueKeyword.groovy)
	at com.kms.katalon.core.keyword.internal.KeywordMain.runKeyword(KeywordMain.groovy:74)
	at com.kms.katalon.core.webservice.keyword.builtin.VerifyElementPropertyValueKeyword.verifyElementPropertyValue(VerifyElementPropertyValueKeyword.groovy:48)
	at com.kms.katalon.core.webservice.keyword.builtin.VerifyElementPropertyValueKeyword.execute(VerifyElementPropertyValueKeyword.groovy:43)
	at com.kms.katalon.core.keyword.internal.KeywordExecutor.executeKeywordForPlatform(KeywordExecutor.groovy:74)
	at com.kms.katalon.core.webservice.keyword.WSBuiltInKeywords.verifyElementPropertyValue(WSBuiltInKeywords.groovy:175)
	at com.kms.katalon.core.webservice.keyword.WSBuiltInKeywords$verifyElementPropertyValue$0.call(Unknown Source)
	at 1. other-ins_order CFP.run(1. other-ins_order CFP:48)
	at com.kms.katalon.core.main.ScriptEngine.run(ScriptEngine.java:194)
	at com.kms.katalon.core.main.ScriptEngine.runScriptAsRawText(ScriptEngine.java:119)
	at com.kms.katalon.core.main.TestCaseExecutor.runScript(TestCaseExecutor.java:445)
	at com.kms.katalon.core.main.TestCaseExecutor.doExecute(TestCaseExecutor.java:436)
	at com.kms.katalon.core.main.TestCaseExecutor.processExecutionPhase(TestCaseExecutor.java:415)
	at com.kms.katalon.core.main.TestCaseExecutor.accessMainPhase(TestCaseExecutor.java:407)
	at com.kms.katalon.core.main.TestCaseExecutor.execute(TestCaseExecutor.java:284)
	at com.kms.katalon.core.common.CommonExecutor.accessTestCaseMainPhase(CommonExecutor.java:65)
	at com.kms.katalon.core.main.TestSuiteExecutor.accessTestSuiteMainPhase(TestSuiteExecutor.java:144)
	at com.kms.katalon.core.main.TestSuiteExecutor.execute(TestSuiteExecutor.java:106)
	at com.kms.katalon.core.main.TestCaseMain.startTestSuite(TestCaseMain.java:185)
	at com.kms.katalon.core.main.TestCaseMain$startTestSuite$0.call(Unknown Source)
	at TempTestSuite1655362433570.run(TempTestSuite1655362433570.groovy:36)
	at java.base/jdk.internal.reflect.NativeMethodAccessorImpl.invoke0(Native Method)
	at java.base/jdk.internal.reflect.NativeMethodAccessorImpl.invoke(NativeMethodAccessorImpl.java:64)
	at java.base/jdk.internal.reflect.DelegatingMethodAccessorImpl.invoke(DelegatingMethodAccessorImpl.java:43)


2022-06-16 13:54:15 - [TEST_STEP][PASSED] - token = sendRequest(findTestObject("CFP/credential CFP")): Send request successfully

2022-06-16 13:54:15 - [MESSAGE][INFO] - HAR: /Volumes/Data/app-testing/app-project/other-ins/Reports/20220616_135352/CFP-order/20220616_135353/requests/main/14.har

2022-06-16 13:54:15 - [MESSAGE][PASSED] - Send request successfully

2022-06-16 13:54:15 - [TEST_STEP][PASSED] - slurper = new groovy.json.JsonSlurper(): null

2022-06-16 13:54:15 - [TEST_STEP][PASSED] - get_token = slurper.parseText(token.getResponseBodyContent()): null

2022-06-16 13:54:15 - [TEST_STEP][PASSED] - private_token = access_token: null

2022-06-16 13:54:15 - [TEST_STEP][PASSED] - g_token = private_token: null

2022-06-16 13:54:15 - [TEST_STEP][PASSED] - println("token is :" + g_token): null

2022-06-16 13:54:15 - [TEST_STEP][PASSED] - response_token = token.getResponseText(): null

2022-06-16 13:54:15 - [TEST_STEP][PASSED] - logInfo($response_token): 
            {
                "token_type": "BearerToken",
                "access_token": "xxAJAFNis0LqVSr3GAAHTJ9fKlQL",
                "expires_in": "1799",
                "scope": ""
            }
        

2022-06-16 13:54:15 - [MESSAGE][INFO] - 
            {
                "token_type": "BearerToken",
                "access_token": "xxAJAFNis0LqVSr3GAAHTJ9fKlQL",
                "expires_in": "1799",
                "scope": ""
            }
        

2022-06-16 13:54:15 - [TEST_STEP][PASSED] - order = sendRequest(findTestObject("CFP/OrderCFP", ["token":private_token, "nokontrak":nokontrak, "custname":custname, "hpnumber":hpnumber, "nopol":nopol, "norangka":norangka, ... ])): Send request successfully

2022-06-16 13:54:17 - [MESSAGE][INFO] - HAR: /Volumes/Data/app-testing/app-project/other-ins/Reports/20220616_135352/CFP-order/20220616_135353/requests/main/15.har

2022-06-16 13:54:17 - [MESSAGE][PASSED] - Send request successfully

2022-06-16 13:54:17 - [TEST_STEP][PASSED] - get_order = order.getResponseText(): null

2022-06-16 13:54:17 - [TEST_STEP][FAILED] - verifyElementPropertyValue(order, "StatusCode", "00", CONTINUE_ON_FAILURE): Expected element property value '00' is not equal with actual property value '0'

2022-06-16 13:54:17 - [MESSAGE][FAILED] - Expected element property value '00' is not equal with actual property value '0'

2022-06-16 13:54:17 - [TEST_STEP][PASSED] - logInfo($get_order): {
  "StatusCode" : "0",
  "StatusMessage" : "parameter nik wajib ada"
}

2022-06-16 13:54:17 - [MESSAGE][INFO] - {
  "StatusCode" : "0",
  "StatusMessage" : "parameter nik wajib ada"
}]]></system-out>
         <system-err><![CDATA[2022-06-16 13:54:15 - [TEST_CASE][FAILED] - Test Cases/CFP/1. other-ins_order CFP: Test Cases/CFP/1. other-ins_order CFP FAILED.
Reason:
com.kms.katalon.core.exception.StepFailedException: Expected element property value '00' is not equal with actual property value '0'
	at com.kms.katalon.core.keyword.internal.KeywordMain.stepFailed(KeywordMain.groovy:39)
	at com.kms.katalon.core.webservice.keyword.builtin.VerifyElementPropertyValueKeyword$_verifyElementPropertyValue_closure1.doCall(VerifyElementPropertyValueKeyword.groovy:56)
	at com.kms.katalon.core.webservice.keyword.builtin.VerifyElementPropertyValueKeyword$_verifyElementPropertyValue_closure1.call(VerifyElementPropertyValueKeyword.groovy)
	at com.kms.katalon.core.keyword.internal.KeywordMain.runKeyword(KeywordMain.groovy:74)
	at com.kms.katalon.core.webservice.keyword.builtin.VerifyElementPropertyValueKeyword.verifyElementPropertyValue(VerifyElementPropertyValueKeyword.groovy:48)
	at com.kms.katalon.core.webservice.keyword.builtin.VerifyElementPropertyValueKeyword.execute(VerifyElementPropertyValueKeyword.groovy:43)
	at com.kms.katalon.core.keyword.internal.KeywordExecutor.executeKeywordForPlatform(KeywordExecutor.groovy:74)
	at com.kms.katalon.core.webservice.keyword.WSBuiltInKeywords.verifyElementPropertyValue(WSBuiltInKeywords.groovy:175)
	at com.kms.katalon.core.webservice.keyword.WSBuiltInKeywords$verifyElementPropertyValue$0.call(Unknown Source)
	at 1. other-ins_order CFP.run(1. other-ins_order CFP:48)
	at com.kms.katalon.core.main.ScriptEngine.run(ScriptEngine.java:194)
	at com.kms.katalon.core.main.ScriptEngine.runScriptAsRawText(ScriptEngine.java:119)
	at com.kms.katalon.core.main.TestCaseExecutor.runScript(TestCaseExecutor.java:445)
	at com.kms.katalon.core.main.TestCaseExecutor.doExecute(TestCaseExecutor.java:436)
	at com.kms.katalon.core.main.TestCaseExecutor.processExecutionPhase(TestCaseExecutor.java:415)
	at com.kms.katalon.core.main.TestCaseExecutor.accessMainPhase(TestCaseExecutor.java:407)
	at com.kms.katalon.core.main.TestCaseExecutor.execute(TestCaseExecutor.java:284)
	at com.kms.katalon.core.common.CommonExecutor.accessTestCaseMainPhase(CommonExecutor.java:65)
	at com.kms.katalon.core.main.TestSuiteExecutor.accessTestSuiteMainPhase(TestSuiteExecutor.java:144)
	at com.kms.katalon.core.main.TestSuiteExecutor.execute(TestSuiteExecutor.java:106)
	at com.kms.katalon.core.main.TestCaseMain.startTestSuite(TestCaseMain.java:185)
	at com.kms.katalon.core.main.TestCaseMain$startTestSuite$0.call(Unknown Source)
	at TempTestSuite1655362433570.run(TempTestSuite1655362433570.groovy:36)
	at java.base/jdk.internal.reflect.NativeMethodAccessorImpl.invoke0(Native Method)
	at java.base/jdk.internal.reflect.NativeMethodAccessorImpl.invoke(NativeMethodAccessorImpl.java:64)
	at java.base/jdk.internal.reflect.DelegatingMethodAccessorImpl.invoke(DelegatingMethodAccessorImpl.java:43)]]></system-err>
      </testcase>
      <testcase name="Test Cases/CFP/1. other-ins_order CFP" time="0.357" classname="Test Cases/CFP/1. other-ins_order CFP" status="PASSED">
         <system-out><![CDATA[2022-06-16 13:54:17 - [TEST_CASE][PASSED] - Test Cases/CFP/1. other-ins_order CFP: Test Cases/CFP/1. other-ins_order CFP

2022-06-16 13:54:17 - [TEST_STEP][PASSED] - token = sendRequest(findTestObject("CFP/credential CFP")): Send request successfully

2022-06-16 13:54:17 - [MESSAGE][INFO] - HAR: /Volumes/Data/app-testing/app-project/other-ins/Reports/20220616_135352/CFP-order/20220616_135353/requests/main/16.har

2022-06-16 13:54:17 - [MESSAGE][PASSED] - Send request successfully

2022-06-16 13:54:17 - [TEST_STEP][PASSED] - slurper = new groovy.json.JsonSlurper(): null

2022-06-16 13:54:17 - [TEST_STEP][PASSED] - get_token = slurper.parseText(token.getResponseBodyContent()): null

2022-06-16 13:54:17 - [TEST_STEP][PASSED] - private_token = access_token: null

2022-06-16 13:54:17 - [TEST_STEP][PASSED] - g_token = private_token: null

2022-06-16 13:54:17 - [TEST_STEP][PASSED] - println("token is :" + g_token): null

2022-06-16 13:54:17 - [TEST_STEP][PASSED] - response_token = token.getResponseText(): null

2022-06-16 13:54:17 - [TEST_STEP][PASSED] - logInfo($response_token): 
            {
                "token_type": "BearerToken",
                "access_token": "XUzlhKLsd18mnxRZesniLUnQABHf",
                "expires_in": "1799",
                "scope": ""
            }
        

2022-06-16 13:54:17 - [MESSAGE][INFO] - 
            {
                "token_type": "BearerToken",
                "access_token": "XUzlhKLsd18mnxRZesniLUnQABHf",
                "expires_in": "1799",
                "scope": ""
            }
        

2022-06-16 13:54:17 - [TEST_STEP][PASSED] - order = sendRequest(findTestObject("CFP/OrderCFP", ["token":private_token, "nokontrak":nokontrak, "custname":custname, "hpnumber":hpnumber, "nopol":nopol, "norangka":norangka, ... ])): Send request successfully

2022-06-16 13:54:17 - [MESSAGE][INFO] - HAR: /Volumes/Data/app-testing/app-project/other-ins/Reports/20220616_135352/CFP-order/20220616_135353/requests/main/17.har

2022-06-16 13:54:17 - [MESSAGE][PASSED] - Send request successfully

2022-06-16 13:54:17 - [TEST_STEP][PASSED] - get_order = order.getResponseText(): null

2022-06-16 13:54:17 - [TEST_STEP][PASSED] - verifyElementPropertyValue(order, "StatusCode", "00", CONTINUE_ON_FAILURE): Verify element property value successfully

2022-06-16 13:54:18 - [MESSAGE][PASSED] - Verify element property value successfully

2022-06-16 13:54:18 - [TEST_STEP][PASSED] - logInfo($get_order): {
  "StatusCode" : "00",
  "StatusMessage" : "Success"
}

2022-06-16 13:54:18 - [MESSAGE][INFO] - {
  "StatusCode" : "00",
  "StatusMessage" : "Success"
}]]></system-out>
         <system-err><![CDATA[]]></system-err>
      </testcase>
      <system-out><![CDATA[2022-06-16 13:54:03 - [TEST_SUITE][FAILED] - CFP-order: Test Cases/CFP/1. other-ins_order CFP FAILED.
Reason:
com.kms.katalon.core.exception.StepFailedException: Expected element property value '00' is not equal with actual property value '0'
	at com.kms.katalon.core.keyword.internal.KeywordMain.stepFailed(KeywordMain.groovy:39)
	at com.kms.katalon.core.webservice.keyword.builtin.VerifyElementPropertyValueKeyword$_verifyElementPropertyValue_closure1.doCall(VerifyElementPropertyValueKeyword.groovy:56)
	at com.kms.katalon.core.webservice.keyword.builtin.VerifyElementPropertyValueKeyword$_verifyElementPropertyValue_closure1.call(VerifyElementPropertyValueKeyword.groovy)
	at com.kms.katalon.core.keyword.internal.KeywordMain.runKeyword(KeywordMain.groovy:74)
	at com.kms.katalon.core.webservice.keyword.builtin.VerifyElementPropertyValueKeyword.verifyElementPropertyValue(VerifyElementPropertyValueKeyword.groovy:48)
	at com.kms.katalon.core.webservice.keyword.builtin.VerifyElementPropertyValueKeyword.execute(VerifyElementPropertyValueKeyword.groovy:43)
	at com.kms.katalon.core.keyword.internal.KeywordExecutor.executeKeywordForPlatform(KeywordExecutor.groovy:74)
	at com.kms.katalon.core.webservice.keyword.WSBuiltInKeywords.verifyElementPropertyValue(WSBuiltInKeywords.groovy:175)
	at com.kms.katalon.core.webservice.keyword.WSBuiltInKeywords$verifyElementPropertyValue$0.call(Unknown Source)
	at 1. other-ins_order CFP.run(1. other-ins_order CFP:48)
	at com.kms.katalon.core.main.ScriptEngine.run(ScriptEngine.java:194)
	at com.kms.katalon.core.main.ScriptEngine.runScriptAsRawText(ScriptEngine.java:119)
	at com.kms.katalon.core.main.TestCaseExecutor.runScript(TestCaseExecutor.java:445)
	at com.kms.katalon.core.main.TestCaseExecutor.doExecute(TestCaseExecutor.java:436)
	at com.kms.katalon.core.main.TestCaseExecutor.processExecutionPhase(TestCaseExecutor.java:415)
	at com.kms.katalon.core.main.TestCaseExecutor.accessMainPhase(TestCaseExecutor.java:407)
	at com.kms.katalon.core.main.TestCaseExecutor.execute(TestCaseExecutor.java:284)
	at com.kms.katalon.core.common.CommonExecutor.accessTestCaseMainPhase(CommonExecutor.java:65)
	at com.kms.katalon.core.main.TestSuiteExecutor.accessTestSuiteMainPhase(TestSuiteExecutor.java:144)
	at com.kms.katalon.core.main.TestSuiteExecutor.execute(TestSuiteExecutor.java:106)
	at com.kms.katalon.core.main.TestCaseMain.startTestSuite(TestCaseMain.java:185)
	at com.kms.katalon.core.main.TestCaseMain$startTestSuite$0.call(Unknown Source)
	at TempTestSuite1655362433570.run(TempTestSuite1655362433570.groovy:36)
	at java.base/jdk.internal.reflect.NativeMethodAccessorImpl.invoke0(Native Method)
	at java.base/jdk.internal.reflect.NativeMethodAccessorImpl.invoke(NativeMethodAccessorImpl.java:64)
	at java.base/jdk.internal.reflect.DelegatingMethodAccessorImpl.invoke(DelegatingMethodAccessorImpl.java:43)]]></system-out>
      <system-err><![CDATA[2022-06-16 13:54:03 - [TEST_SUITE][FAILED] - CFP-order: Test Cases/CFP/1. other-ins_order CFP FAILED.
Reason:
com.kms.katalon.core.exception.StepFailedException: Expected element property value '00' is not equal with actual property value '0'
	at com.kms.katalon.core.keyword.internal.KeywordMain.stepFailed(KeywordMain.groovy:39)
	at com.kms.katalon.core.webservice.keyword.builtin.VerifyElementPropertyValueKeyword$_verifyElementPropertyValue_closure1.doCall(VerifyElementPropertyValueKeyword.groovy:56)
	at com.kms.katalon.core.webservice.keyword.builtin.VerifyElementPropertyValueKeyword$_verifyElementPropertyValue_closure1.call(VerifyElementPropertyValueKeyword.groovy)
	at com.kms.katalon.core.keyword.internal.KeywordMain.runKeyword(KeywordMain.groovy:74)
	at com.kms.katalon.core.webservice.keyword.builtin.VerifyElementPropertyValueKeyword.verifyElementPropertyValue(VerifyElementPropertyValueKeyword.groovy:48)
	at com.kms.katalon.core.webservice.keyword.builtin.VerifyElementPropertyValueKeyword.execute(VerifyElementPropertyValueKeyword.groovy:43)
	at com.kms.katalon.core.keyword.internal.KeywordExecutor.executeKeywordForPlatform(KeywordExecutor.groovy:74)
	at com.kms.katalon.core.webservice.keyword.WSBuiltInKeywords.verifyElementPropertyValue(WSBuiltInKeywords.groovy:175)
	at com.kms.katalon.core.webservice.keyword.WSBuiltInKeywords$verifyElementPropertyValue$0.call(Unknown Source)
	at 1. other-ins_order CFP.run(1. other-ins_order CFP:48)
	at com.kms.katalon.core.main.ScriptEngine.run(ScriptEngine.java:194)
	at com.kms.katalon.core.main.ScriptEngine.runScriptAsRawText(ScriptEngine.java:119)
	at com.kms.katalon.core.main.TestCaseExecutor.runScript(TestCaseExecutor.java:445)
	at com.kms.katalon.core.main.TestCaseExecutor.doExecute(TestCaseExecutor.java:436)
	at com.kms.katalon.core.main.TestCaseExecutor.processExecutionPhase(TestCaseExecutor.java:415)
	at com.kms.katalon.core.main.TestCaseExecutor.accessMainPhase(TestCaseExecutor.java:407)
	at com.kms.katalon.core.main.TestCaseExecutor.execute(TestCaseExecutor.java:284)
	at com.kms.katalon.core.common.CommonExecutor.accessTestCaseMainPhase(CommonExecutor.java:65)
	at com.kms.katalon.core.main.TestSuiteExecutor.accessTestSuiteMainPhase(TestSuiteExecutor.java:144)
	at com.kms.katalon.core.main.TestSuiteExecutor.execute(TestSuiteExecutor.java:106)
	at com.kms.katalon.core.main.TestCaseMain.startTestSuite(TestCaseMain.java:185)
	at com.kms.katalon.core.main.TestCaseMain$startTestSuite$0.call(Unknown Source)
	at TempTestSuite1655362433570.run(TempTestSuite1655362433570.groovy:36)
	at java.base/jdk.internal.reflect.NativeMethodAccessorImpl.invoke0(Native Method)
	at java.base/jdk.internal.reflect.NativeMethodAccessorImpl.invoke(NativeMethodAccessorImpl.java:64)
	at java.base/jdk.internal.reflect.DelegatingMethodAccessorImpl.invoke(DelegatingMethodAccessorImpl.java:43)]]></system-err>
   </testsuite>
</testsuites>
